<?xml version="1.0" encoding="UTF-8"?>
<!-- Generated by org.testng.reporters.JUnitReportReporter -->
<testsuite hostname="Y0096-YAMINI-NAGAMANI-WIN10" failures="0" tests="4" name="TestPackage.Day4" time="0.040" errors="0" timestamp="2024-06-12T16:04:14 IST" skipped="0">
  <testcase classname="TestPackage.Day4" name="AskforFam" time="0.006"/>
  <system-out/>
  <testcase classname="TestPackage.Day4" name="AskforFam" time="0.003"/>
  <system-out/>
  <testcase classname="TestPackage.Day4" name="AskforFam" time="0.025"/>
  <system-out/>
  <testcase classname="TestPackage.Day4" name="famEmergency" time="0.006"/>
  <system-out/>
</testsuite> <!-- TestPackage.Day4 -->
