<?xml version="1.0" encoding="UTF-8"?>
<!-- Generated by org.testng.reporters.JUnitReportReporter -->
<testsuite hostname="Y0096-YAMINI-NAGAMANI-WIN10" failures="0" tests="1" name="example" time="0.011" errors="0" timestamp="2024-06-11T15:27:41 IST" skipped="0">
  <testcase classname="example" name="Demo" time="0.011"/>
  <system-out/>
</testsuite> <!-- example -->
