<?xml version="1.0" encoding="UTF-8"?>
<!-- Generated by org.testng.reporters.JUnitReportReporter -->
<testsuite hostname="Y0096-YAMINI-NAGAMANI-WIN10" failures="0" tests="4" name="TestPackage.Day1" time="0.028" errors="0" timestamp="2024-06-12T15:01:47 IST" skipped="1">
  <testcase classname="TestPackage.Day1" name="sample" time="0.011"/>
  <system-out/>
  <testcase classname="TestPackage.Day1" name="dummy" time="0.015"/>
  <system-out/>
  <testcase classname="TestPackage.Day1" name="regular" time="0.002"/>
  <system-out/>
  <testcase classname="TestPackage.Day1" name="suite">
    <skipped/>
  </testcase> <!-- suite -->
  <system-out/>
</testsuite> <!-- TestPackage.Day1 -->
