<?xml version="1.0" encoding="UTF-8"?>
<!-- Generated by org.testng.reporters.JUnitReportReporter -->
<testsuite hostname="Y0096-YAMINI-NAGAMANI-WIN10" failures="0" tests="2" name="TestPackage.Day2" time="0.011" errors="0" timestamp="2024-06-12T15:01:47 IST" skipped="0">
  <testcase classname="TestPackage.Day2" name="approved" time="0.004"/>
  <system-out/>
  <testcase classname="TestPackage.Day2" name="Loan" time="0.007"/>
  <system-out/>
</testsuite> <!-- TestPackage.Day2 -->
